<?xml version="1.0" encoding="UTF-8"?>
<!-- Generated by org.testng.reporters.JUnitXMLReporter -->
<testsuite hostname="Ismail-PC" name="Default test" tests="4" failures="0" timestamp="13 Dec 2017 04:19:31 GMT" time="2.884" errors="0">
  <testcase name="Test1" time="0.385" classname="com.GitMaven.GitTest.TestTestNG"/>
  <testcase name="Test2" time="0.128" classname="com.GitMaven.GitTest.TestTestNG"/>
  <testcase name="Test3" time="0.035" classname="com.GitMaven.GitTest.TestTestNG"/>
  <testcase name="Yahoo" time="0.091" classname="com.GitMaven.GitTest.TestTestNG"/>
</testsuite> <!-- Default test -->
