<?xml version="1.0" encoding="UTF-8"?>
<!-- Generated by org.testng.reporters.JUnitXMLReporter -->
<testsuite hostname="Ismail-PC" name="Test" tests="8" failures="0" timestamp="13 Dec 2017 13:55:51 GMT" time="0.342" errors="0">
  <testcase name="Test1" time="0.025" classname="com.GitMaven.GitTest.SomeTests"/>
  <testcase name="Test2" time="0.01" classname="com.GitMaven.GitTest.SomeTests"/>
  <testcase name="Test1" time="0.018" classname="com.GitMaven.GitTest.TestTestNG"/>
  <testcase name="Test2" time="0.013" classname="com.GitMaven.GitTest.TestTestNG"/>
  <testcase name="Test3" time="0.004" classname="com.GitMaven.GitTest.TestTestNG"/>
  <testcase name="Yahoo" time="0.003" classname="com.GitMaven.GitTest.TestTestNG"/>
  <testcase name="Test1" time="0.005" classname="com.GitMaven.GitTest.Test2"/>
  <testcase name="Test12" time="0.006" classname="com.GitMaven.GitTest.Test2"/>
</testsuite> <!-- Test -->
