<?xml version="1.0" encoding="UTF-8"?>
<testng-results skipped="0" failed="0" total="2" passed="2">
  <reporter-output>
  </reporter-output>
  <suite name="Suite" duration-ms="164" started-at="2017-12-13T01:52:09Z" finished-at="2017-12-13T01:52:10Z">
    <groups>
    </groups>
    <test name="Test" duration-ms="164" started-at="2017-12-13T01:52:09Z" finished-at="2017-12-13T01:52:10Z">
      <class name="com.GitMaven.GitTest.TestTestNG">
        <test-method status="PASS" signature="Setup()[pri:0, instance:com.GitMaven.GitTest.TestTestNG@818063]" name="Setup" is-config="true" duration-ms="31" started-at="2017-12-13T07:22:10Z" finished-at="2017-12-13T07:22:10Z">
          <reporter-output>
          </reporter-output>
        </test-method> <!-- Setup -->
        <test-method status="PASS" signature="Test1()[pri:0, instance:com.GitMaven.GitTest.TestTestNG@818063]" name="Test1" duration-ms="1" started-at="2017-12-13T07:22:10Z" description="Test1" finished-at="2017-12-13T07:22:10Z">
          <reporter-output>
          </reporter-output>
        </test-method> <!-- Test1 -->
        <test-method status="PASS" signature="Test2()[pri:0, instance:com.GitMaven.GitTest.TestTestNG@818063]" name="Test2" duration-ms="4" started-at="2017-12-13T07:22:10Z" description="Test2" finished-at="2017-12-13T07:22:10Z">
          <reporter-output>
          </reporter-output>
        </test-method> <!-- Test2 -->
        <test-method status="PASS" signature="Setup()[pri:0, instance:com.GitMaven.GitTest.TestTestNG@818063]" name="Setup" is-config="true" duration-ms="0" started-at="2017-12-13T07:22:10Z" finished-at="2017-12-13T07:22:10Z">
          <reporter-output>
          </reporter-output>
        </test-method> <!-- Setup -->
      </class> <!-- com.GitMaven.GitTest.TestTestNG -->
    </test> <!-- Test -->
  </suite> <!-- Suite -->
</testng-results>
