<?xml version="1.0" encoding="UTF-8"?>
<testng-results skipped="0" failed="0" total="8" passed="8">
  <reporter-output>
  </reporter-output>
  <suite name="Suite" duration-ms="342" started-at="2017-12-13T13:55:51Z" finished-at="2017-12-13T13:55:51Z">
    <groups>
      <group name="Sanity">
        <method signature="Test2.Test1()[pri:1, instance:com.GitMaven.GitTest.Test2@651fd0]" name="Test1" class="com.GitMaven.GitTest.Test2"/>
        <method signature="Test2.Test12()[pri:2, instance:com.GitMaven.GitTest.Test2@651fd0]" name="Test12" class="com.GitMaven.GitTest.Test2"/>
      </group> <!-- Sanity -->
      <group name="Regression">
        <method signature="TestTestNG.Test3()[pri:0, instance:com.GitMaven.GitTest.TestTestNG@15b5592]" name="Test3" class="com.GitMaven.GitTest.TestTestNG"/>
      </group> <!-- Regression -->
      <group name="Smoke">
        <method signature="Test2.Test1()[pri:1, instance:com.GitMaven.GitTest.Test2@651fd0]" name="Test1" class="com.GitMaven.GitTest.Test2"/>
      </group> <!-- Smoke -->
    </groups>
    <test name="Test" duration-ms="342" started-at="2017-12-13T13:55:51Z" finished-at="2017-12-13T13:55:51Z">
      <class name="com.GitMaven.GitTest.SomeTests">
        <test-method status="PASS" signature="Setup()[pri:0, instance:com.GitMaven.GitTest.SomeTests@ee68d8]" name="Setup" is-config="true" duration-ms="63" started-at="2017-12-13T19:25:51Z" finished-at="2017-12-13T19:25:51Z">
          <reporter-output>
          </reporter-output>
        </test-method> <!-- Setup -->
        <test-method status="PASS" signature="Test1()[pri:1, instance:com.GitMaven.GitTest.SomeTests@ee68d8]" name="Test1" duration-ms="25" started-at="2017-12-13T19:25:51Z" finished-at="2017-12-13T19:25:51Z">
          <reporter-output>
          </reporter-output>
        </test-method> <!-- Test1 -->
        <test-method status="PASS" signature="Test2()[pri:2, instance:com.GitMaven.GitTest.SomeTests@ee68d8]" name="Test2" duration-ms="10" started-at="2017-12-13T19:25:51Z" finished-at="2017-12-13T19:25:51Z">
          <reporter-output>
          </reporter-output>
        </test-method> <!-- Test2 -->
        <test-method status="PASS" signature="TearDown()[pri:0, instance:com.GitMaven.GitTest.SomeTests@ee68d8]" name="TearDown" is-config="true" duration-ms="0" started-at="2017-12-13T19:25:51Z" finished-at="2017-12-13T19:25:51Z">
          <reporter-output>
          </reporter-output>
        </test-method> <!-- TearDown -->
      </class> <!-- com.GitMaven.GitTest.SomeTests -->
      <class name="com.GitMaven.GitTest.Test2">
        <test-method status="PASS" signature="Setup()[pri:0, instance:com.GitMaven.GitTest.Test2@651fd0]" name="Setup" is-config="true" duration-ms="12" started-at="2017-12-13T19:25:51Z" finished-at="2017-12-13T19:25:51Z">
          <reporter-output>
          </reporter-output>
        </test-method> <!-- Setup -->
        <test-method status="PASS" signature="Test1()[pri:1, instance:com.GitMaven.GitTest.Test2@651fd0]" name="Test1" duration-ms="5" started-at="2017-12-13T19:25:51Z" finished-at="2017-12-13T19:25:51Z">
          <reporter-output>
          </reporter-output>
        </test-method> <!-- Test1 -->
        <test-method status="PASS" signature="Test12()[pri:2, instance:com.GitMaven.GitTest.Test2@651fd0]" name="Test12" duration-ms="6" started-at="2017-12-13T19:25:51Z" finished-at="2017-12-13T19:25:51Z">
          <reporter-output>
          </reporter-output>
        </test-method> <!-- Test12 -->
        <test-method status="PASS" signature="TearDown()[pri:0, instance:com.GitMaven.GitTest.Test2@651fd0]" name="TearDown" is-config="true" duration-ms="1" started-at="2017-12-13T19:25:51Z" finished-at="2017-12-13T19:25:51Z">
          <reporter-output>
          </reporter-output>
        </test-method> <!-- TearDown -->
      </class> <!-- com.GitMaven.GitTest.Test2 -->
      <class name="com.GitMaven.GitTest.TestTestNG">
        <test-method status="PASS" signature="Setup()[pri:0, instance:com.GitMaven.GitTest.TestTestNG@15b5592]" name="Setup" is-config="true" duration-ms="1" started-at="2017-12-13T19:25:51Z" finished-at="2017-12-13T19:25:51Z">
          <reporter-output>
          </reporter-output>
        </test-method> <!-- Setup -->
        <test-method status="PASS" signature="Test1()[pri:0, instance:com.GitMaven.GitTest.TestTestNG@15b5592]" name="Test1" duration-ms="18" started-at="2017-12-13T19:25:51Z" description="Test1" finished-at="2017-12-13T19:25:51Z">
          <reporter-output>
          </reporter-output>
        </test-method> <!-- Test1 -->
        <test-method status="PASS" signature="Setup()[pri:0, instance:com.GitMaven.GitTest.TestTestNG@15b5592]" name="Setup" is-config="true" duration-ms="1" started-at="2017-12-13T19:25:51Z" finished-at="2017-12-13T19:25:51Z">
          <reporter-output>
          </reporter-output>
        </test-method> <!-- Setup -->
        <test-method status="PASS" signature="Test2()[pri:0, instance:com.GitMaven.GitTest.TestTestNG@15b5592]" name="Test2" duration-ms="13" started-at="2017-12-13T19:25:51Z" description="Test2" finished-at="2017-12-13T19:25:51Z">
          <reporter-output>
          </reporter-output>
        </test-method> <!-- Test2 -->
        <test-method status="PASS" signature="Setup()[pri:0, instance:com.GitMaven.GitTest.TestTestNG@15b5592]" name="Setup" is-config="true" duration-ms="1" started-at="2017-12-13T19:25:51Z" finished-at="2017-12-13T19:25:51Z">
          <reporter-output>
          </reporter-output>
        </test-method> <!-- Setup -->
        <test-method status="PASS" signature="Test3()[pri:0, instance:com.GitMaven.GitTest.TestTestNG@15b5592]" name="Test3" duration-ms="4" started-at="2017-12-13T19:25:51Z" description="Test3" finished-at="2017-12-13T19:25:51Z">
          <reporter-output>
          </reporter-output>
        </test-method> <!-- Test3 -->
        <test-method status="PASS" signature="Setup()[pri:0, instance:com.GitMaven.GitTest.TestTestNG@15b5592]" name="Setup" is-config="true" duration-ms="1" started-at="2017-12-13T19:25:51Z" finished-at="2017-12-13T19:25:51Z">
          <reporter-output>
          </reporter-output>
        </test-method> <!-- Setup -->
        <test-method status="PASS" signature="Yahoo()[pri:0, instance:com.GitMaven.GitTest.TestTestNG@15b5592]" name="Yahoo" duration-ms="3" started-at="2017-12-13T19:25:51Z" description="YahooTest" finished-at="2017-12-13T19:25:51Z">
          <reporter-output>
          </reporter-output>
        </test-method> <!-- Yahoo -->
      </class> <!-- com.GitMaven.GitTest.TestTestNG -->
    </test> <!-- Test -->
  </suite> <!-- Suite -->
</testng-results>
